<?xml version="1.0" encoding="UTF-8"?>
<!-- Generated by org.testng.reporters.JUnitXMLReporter -->
<testsuite hostname="ASDP1750PO02529" ignored="0" name="Default test" tests="6" failures="0" timestamp="28 Jul 2017 11:20:58 GMT" time="12.871" errors="0">
  <testcase name="HomePage" time="0.154" classname="tatoc.tatoc_basic_js"/>
  <testcase name="GreenBox" time="0.235" classname="tatoc.tatoc_basic_js"/>
  <testcase name="iframe" time="1.124" classname="tatoc.tatoc_basic_js"/>
  <testcase name="drag_n_drop" time="0.252" classname="tatoc.tatoc_basic_js"/>
  <testcase name="window_handler" time="1.417" classname="tatoc.tatoc_basic_js"/>
  <testcase name="cookie" time="0.215" classname="tatoc.tatoc_basic_js"/>
</testsuite> <!-- Default test -->
