<?xml version="1.0" encoding="UTF-8"?>
<testng-results skipped="0" failed="0" ignored="0" total="6" passed="6">
  <reporter-output>
    <line>
      <![CDATA[<---------------T.A.T.O.C Begins!!!-------------->]]>
    </line>
    <line>
      <![CDATA[<---------------T.A.T.O.C Basic-------------->]]>
    </line>
    <line>
      <![CDATA[<---------------T.A.T.O.C Step1-------------->]]>
    </line>
    <line>
      <![CDATA[<---------------T.A.T.O.C Step2-------------->]]>
    </line>
    <line>
      <![CDATA[<---------------T.A.T.O.C Step3-------------->]]>
    </line>
    <line>
      <![CDATA[<---------------T.A.T.O.C Step4-------------->]]>
    </line>
    <line>
      <![CDATA[<---------------T.A.T.O.C user moved to pop up page-------------->]]>
    </line>
    <line>
      <![CDATA[<---------------T.A.T.O.C Step5-------------->]]>
    </line>
    <line>
      <![CDATA[<---------------T.A.T.O.C cookie generated-------------->]]>
    </line>
    <line>
      <![CDATA[<---------------T.A.T.O.C Session Close-------------->]]>
    </line>
  </reporter-output>
  <suite name="Default suite" duration-ms="12871" started-at="2017-07-28T11:20:45Z" finished-at="2017-07-28T11:20:58Z">
    <groups>
    </groups>
    <test name="Default test" duration-ms="12871" started-at="2017-07-28T11:20:45Z" finished-at="2017-07-28T11:20:58Z">
      <class name="tatoc.tatoc_basic_js">
        <test-method status="PASS" signature="launch()[pri:0, instance:tatoc.tatoc_basic_js@5bcab519]" name="launch" is-config="true" duration-ms="9417" started-at="2017-07-28T16:50:45Z" finished-at="2017-07-28T16:50:54Z">
          <reporter-output>
            <line>
              <![CDATA[<---------------T.A.T.O.C Begins!!!-------------->]]>
            </line>
          </reporter-output>
        </test-method> <!-- launch -->
        <test-method status="PASS" signature="HomePage()[pri:0, instance:tatoc.tatoc_basic_js@5bcab519]" name="HomePage" duration-ms="154" started-at="2017-07-28T16:50:54Z" finished-at="2017-07-28T16:50:54Z">
          <reporter-output>
            <line>
              <![CDATA[<---------------T.A.T.O.C Basic-------------->]]>
            </line>
          </reporter-output>
        </test-method> <!-- HomePage -->
        <test-method status="PASS" signature="GreenBox()[pri:1, instance:tatoc.tatoc_basic_js@5bcab519]" name="GreenBox" duration-ms="235" started-at="2017-07-28T16:50:54Z" finished-at="2017-07-28T16:50:55Z">
          <reporter-output>
            <line>
              <![CDATA[<---------------T.A.T.O.C Step1-------------->]]>
            </line>
          </reporter-output>
        </test-method> <!-- GreenBox -->
        <test-method status="PASS" signature="iframe()[pri:2, instance:tatoc.tatoc_basic_js@5bcab519]" name="iframe" duration-ms="1124" started-at="2017-07-28T16:50:55Z" finished-at="2017-07-28T16:50:56Z">
          <reporter-output>
            <line>
              <![CDATA[<---------------T.A.T.O.C Step2-------------->]]>
            </line>
          </reporter-output>
        </test-method> <!-- iframe -->
        <test-method status="PASS" signature="drag_n_drop()[pri:3, instance:tatoc.tatoc_basic_js@5bcab519]" name="drag_n_drop" duration-ms="252" started-at="2017-07-28T16:50:56Z" finished-at="2017-07-28T16:50:56Z">
          <reporter-output>
            <line>
              <![CDATA[<---------------T.A.T.O.C Step3-------------->]]>
            </line>
          </reporter-output>
        </test-method> <!-- drag_n_drop -->
        <test-method status="PASS" signature="window_handler()[pri:4, instance:tatoc.tatoc_basic_js@5bcab519]" name="window_handler" duration-ms="1417" started-at="2017-07-28T16:50:56Z" finished-at="2017-07-28T16:50:57Z">
          <reporter-output>
            <line>
              <![CDATA[<---------------T.A.T.O.C Step4-------------->]]>
            </line>
            <line>
              <![CDATA[<---------------T.A.T.O.C user moved to pop up page-------------->]]>
            </line>
          </reporter-output>
        </test-method> <!-- window_handler -->
        <test-method status="PASS" signature="cookie()[pri:5, instance:tatoc.tatoc_basic_js@5bcab519]" name="cookie" duration-ms="215" started-at="2017-07-28T16:50:57Z" finished-at="2017-07-28T16:50:58Z">
          <reporter-output>
            <line>
              <![CDATA[<---------------T.A.T.O.C Step5-------------->]]>
            </line>
            <line>
              <![CDATA[<---------------T.A.T.O.C cookie generated-------------->]]>
            </line>
          </reporter-output>
        </test-method> <!-- cookie -->
        <test-method status="PASS" signature="session_close()[pri:0, instance:tatoc.tatoc_basic_js@5bcab519]" name="session_close" is-config="true" duration-ms="33" started-at="2017-07-28T16:50:58Z" finished-at="2017-07-28T16:50:58Z">
          <reporter-output>
            <line>
              <![CDATA[<---------------T.A.T.O.C Session Close-------------->]]>
            </line>
          </reporter-output>
        </test-method> <!-- session_close -->
      </class> <!-- tatoc.tatoc_basic_js -->
    </test> <!-- Default test -->
  </suite> <!-- Default suite -->
</testng-results>
